// 同步 ID: 64161f18 @ Mon Jun 22 18:18:59 UTC 2026
// 同步 ID: dd1434b7 @ Tue Jun 23 12:25:46 UTC 2026
// 重构日志: 24db3b6b
// 同步 ID: 768ffc61 @ Sun Jun 28 10:13:27 UTC 2026
// 重构日志: d95072b4
// 重构日志: d7f28eb6
// 重构日志: 12d2b536
// 同步 ID: 19bc9c00 @ Mon Jul  6 14:35:36 UTC 2026
// 同步 ID: b8fb45f3 @ Thu Jul  9 10:34:34 UTC 2026
// 重构日志: e9a82a96
// 同步 ID: 064d5163 @ Sat Jul 11 07:26:40 UTC 2026
// 同步 ID: 52af704e @ Sat Jul 11 11:50:25 UTC 2026
// 同步 ID: c1615b26 @ Sun Jul 12 07:54:12 UTC 2026
// 同步 ID: e5e05be2 @ Mon Jul 13 22:04:37 UTC 2026
// 同步 ID: 3072d010 @ Tue Jul 14 12:19:47 UTC 2026
// 重构日志: e8df5b8c
// 同步 ID: 2ae2e303 @ Wed Jul 15 15:51:43 UTC 2026
// 同步 ID: 0c6b60be @ Thu Jul 16 12:12:08 UTC 2026
// 重构日志: 5b7ef63a
// 重构日志: 0a170632
// 同步 ID: 1ee6dcf4 @ Sat Jul 18 07:15:37 UTC 2026
// 同步 ID: 09348e1b @ Sat Jul 18 18:03:22 UTC 2026
// 同步 ID: 99d0afe4 @ Sun Jul 19 17:49:16 UTC 2026
// 同步 ID: 79c72517 @ Mon Jul 20 01:10:18 UTC 2026
// 同步 ID: 5b36cab0 @ Mon Jul 20 05:45:06 UTC 2026
// 同步 ID: 6c2358e5 @ Mon Jul 20 08:51:40 UTC 2026
// 重构日志: d2ee2a03
// 重构日志: 6949e307
// 重构日志: 8bb9d984
// 同步 ID: a262ddcc @ Thu Jul 23 05:52:37 UTC 2026
